npm verb cli C:\Program Files\nodejs\node.exe C:\AdobeCypress\pacific-dental-qa\node_modules\npm\bin\npm-cli.js
npm info using npm@9.8.1
npm info using node@v16.13.0
npm verb title npm install
npm verb argv "install" "--legacy-peer-deps" "--loglevel" "verbose"
npm verb logfile logs-max:10 dir:C:\Users\jatin.singh\AppData\Local\npm-cache\_logs\2023-09-13T12_32_37_624Z-
npm verb logfile C:\Users\jatin.singh\AppData\Local\npm-cache\_logs\2023-09-13T12_32_37_624Z-debug-0.log
npm http fetch GET 200 https://registry.npmjs.org/@cypress%2fwebpack-preprocessor 2110ms (cache revalidated)
npm http fetch GET 200 https://registry.npmjs.org/@percy%2fcli 1740ms (cache revalidated)
npm http fetch GET 200 https://registry.npmjs.org/@percy%2fcypress 2415ms (cache revalidated)
npm http fetch GET 200 https://registry.npmjs.org/@testing-library%2fcypress 2434ms (cache revalidated)
npm http fetch GET 200 https://registry.npmjs.org/@types%2fchai-string 677ms (cache revalidated)
npm http fetch GET 200 https://registry.npmjs.org/cypress 121ms (cache revalidated)
npm http fetch GET 200 https://registry.npmjs.org/cypress-cucumber-attach-screenshots-to-failed-steps 403ms (cache revalidated)
npm http fetch GET 200 https://registry.npmjs.org/cypress-cucumber-preprocessor 110ms (cache revalidated)
npm http fetch GET 200 https://registry.npmjs.org/cypress-iframe 1161ms (cache revalidated)
npm http fetch GET 200 https://registry.npmjs.org/cypress-mochawesome-reporter 115ms (cache revalidated)
npm http fetch GET 200 https://registry.npmjs.org/multiple-cucumber-html-reporter 108ms (cache revalidated)
npm http fetch GET 200 https://registry.npmjs.org/playwright-webkit 1258ms (cache revalidated)
npm http fetch GET 200 https://registry.npmjs.org/prettier 110ms (cache revalidated)
npm http fetch GET 200 https://registry.npmjs.org/webpack 116ms (cache revalidated)
npm http fetch GET 200 https://registry.npmjs.org/browserstack-cypress-cli 89ms (cache revalidated)
npm http fetch GET 200 https://registry.npmjs.org/debug 1155ms (cache revalidated)
npm http fetch GET 200 https://registry.npmjs.org/archiver 1169ms (cache revalidated)
npm http fetch GET 200 https://registry.npmjs.org/lodash 1235ms (cache revalidated)
npm http fetch GET 200 https://registry.npmjs.org/bluebird 1262ms (cache revalidated)
npm http fetch GET 200 https://registry.npmjs.org/async 1249ms (cache revalidated)
npm http fetch GET 200 https://registry.npmjs.org/@types%2fchai 1284ms (cache revalidated)
npm http fetch GET 200 https://registry.npmjs.org/@babel%2fruntime 1296ms (cache revalidated)
npm http fetch GET 200 https://registry.npmjs.org/git-last-commit 1322ms (cache revalidated)
npm http fetch GET 200 https://registry.npmjs.org/fs-extra 1337ms (cache revalidated)
npm http fetch GET 200 https://registry.npmjs.org/cli-progress 1393ms (cache revalidated)
npm http fetch GET 200 https://registry.npmjs.org/glob 1383ms (cache revalidated)
npm http fetch GET 200 https://registry.npmjs.org/chalk 1452ms (cache revalidated)
npm http fetch GET 200 https://registry.npmjs.org/@testing-library%2fdom 1533ms (cache revalidated)
npm http fetch GET 200 https://registry.npmjs.org/mkdirp 1533ms (cache revalidated)
npm http fetch GET 200 https://registry.npmjs.org/getmac 1560ms (cache revalidated)
npm http fetch GET 200 https://registry.npmjs.org/request 1555ms (cache revalidated)
npm http fetch GET 200 https://registry.npmjs.org/update-notifier 1582ms (cache revalidated)
npm http fetch GET 200 https://registry.npmjs.org/mocha 1607ms (cache revalidated)
npm http fetch GET 200 https://registry.npmjs.org/table 1640ms (cache revalidated)
npm http fetch GET 200 https://registry.npmjs.org/uuid 1654ms (cache revalidated)
npm http fetch GET 200 https://registry.npmjs.org/decompress 1692ms (cache revalidated)
npm http fetch GET 200 https://registry.npmjs.org/requestretry 1718ms (cache revalidated)
npm http fetch GET 200 https://registry.npmjs.org/windows-release 1782ms (cache revalidated)
npm http fetch GET 200 https://registry.npmjs.org/yargs 1866ms (cache revalidated)
npm http fetch GET 200 https://registry.npmjs.org/winston 1931ms (cache revalidated)
npm http fetch GET 200 https://registry.npmjs.org/@types%2fnode 1989ms (cache revalidated)
npm http fetch GET 200 https://registry.npmjs.org/browserstack-local 2301ms (cache revalidated)
npm http fetch GET 200 https://registry.npmjs.org/git-repo-info 2296ms (cache revalidated)
npm http fetch GET 200 https://registry.npmjs.org/@cypress%2frequest 2368ms (cache revalidated)
npm http fetch GET 200 https://registry.npmjs.org/bluebird 2395ms (cache revalidated)
npm http fetch GET 200 https://registry.npmjs.org/gitconfiglocal 2492ms (cache revalidated)
npm http fetch GET 200 https://registry.npmjs.org/chalk 2472ms (cache revalidated)
npm http fetch GET 200 https://registry.npmjs.org/buffer 2560ms (cache revalidated)
npm http fetch GET 200 https://registry.npmjs.org/node-ipc 2637ms (cache revalidated)
npm http fetch GET 200 https://registry.npmjs.org/@types%2fsizzle 2665ms (cache revalidated)
npm http fetch GET 200 https://registry.npmjs.org/@percy%2fcli-build 2780ms (cache revalidated)
npm http fetch GET 200 https://registry.npmjs.org/@percy%2fcli-config 2791ms (cache revalidated)
npm http fetch GET 200 https://registry.npmjs.org/enquirer 2691ms (cache revalidated)
npm http fetch GET 200 https://registry.npmjs.org/@percy%2fcli-command 3360ms (cache revalidated)
npm http fetch GET 200 https://registry.npmjs.org/arch 3333ms (cache revalidated)
npm http fetch GET 200 https://registry.npmjs.org/commander 3348ms (cache revalidated)
npm http fetch GET 200 https://registry.npmjs.org/dayjs 3376ms (cache revalidated)
npm http fetch GET 200 https://registry.npmjs.org/common-tags 3426ms (cache revalidated)
npm http fetch GET 200 https://registry.npmjs.org/@percy%2fsdk-utils 3552ms (cache revalidated)
npm http fetch GET 200 https://registry.npmjs.org/@percy%2fcli-app 3573ms (cache revalidated)
npm http fetch GET 200 https://registry.npmjs.org/@percy%2flogger 3573ms (cache revalidated)
npm http fetch GET 200 https://registry.npmjs.org/@percy%2fcli-upload 3594ms (cache revalidated)
npm http fetch GET 200 https://registry.npmjs.org/cli-cursor 3505ms (cache revalidated)
npm http fetch GET 200 https://registry.npmjs.org/fs-extra 3451ms (cache revalidated)
npm http fetch GET 200 https://registry.npmjs.org/eventemitter2 3510ms (cache revalidated)
npm http fetch GET 200 https://registry.npmjs.org/executable 3494ms (cache revalidated)
npm http fetch GET 200 https://registry.npmjs.org/execa 3513ms (cache revalidated)
npm http fetch GET 200 https://registry.npmjs.org/@percy%2fcli-snapshot 3660ms (cache revalidated)
npm http fetch GET 200 https://registry.npmjs.org/@percy%2fclient 3678ms (cache revalidated)
npm http fetch GET 200 https://registry.npmjs.org/extract-zip 3529ms (cache revalidated)
npm http fetch GET 200 https://registry.npmjs.org/log-symbols 3486ms (cache revalidated)
npm http fetch GET 200 https://registry.npmjs.org/is-installed-globally 3501ms (cache revalidated)
npm http fetch GET 200 https://registry.npmjs.org/minimist 3507ms (cache revalidated)
npm http fetch GET 200 https://registry.npmjs.org/lodash 3520ms (cache revalidated)
npm http fetch GET 200 https://registry.npmjs.org/process 3541ms (cache revalidated)
npm http fetch GET 200 https://registry.npmjs.org/listr2 3565ms (cache revalidated)
npm http fetch GET 200 https://registry.npmjs.org/pretty-bytes 3630ms (cache revalidated)
npm http fetch GET 200 https://registry.npmjs.org/@percy%2fcli-exec 3861ms (cache revalidated)
npm http fetch GET 200 https://registry.npmjs.org/proxy-from-env 3641ms (cache revalidated)
npm http fetch GET 200 https://registry.npmjs.org/cachedir 3753ms (cache revalidated)
npm http fetch GET 200 https://registry.npmjs.org/is-ci 3679ms (cache revalidated)
npm http fetch GET 200 https://registry.npmjs.org/supports-color 3662ms (cache revalidated)
npm http fetch GET 200 https://registry.npmjs.org/semver 3679ms (cache revalidated)
npm http fetch GET 200 https://registry.npmjs.org/untildify 3692ms (cache revalidated)
npm http fetch GET 200 https://registry.npmjs.org/blob-util 3828ms (cache revalidated)
npm http fetch GET 200 https://registry.npmjs.org/check-more-types 3821ms (cache revalidated)
npm http fetch GET 200 https://registry.npmjs.org/chokidar 3686ms (cache revalidated)
npm http fetch GET 200 https://registry.npmjs.org/@types%2fsinonjs__fake-timers 3869ms (cache revalidated)
npm http fetch GET 200 https://registry.npmjs.org/tmp 3737ms (cache revalidated)
npm http fetch GET 200 https://registry.npmjs.org/glob 3737ms (cache revalidated)
npm http fetch GET 200 https://registry.npmjs.org/debug 3753ms (cache revalidated)
npm http fetch GET 200 https://registry.npmjs.org/yauzl 3797ms (cache revalidated)
npm http fetch GET 200 https://registry.npmjs.org/cli-table3 3920ms (cache revalidated)
npm http fetch GET 200 https://registry.npmjs.org/commander 3759ms (cache revalidated)
npm http fetch GET 200 https://registry.npmjs.org/cosmiconfig 3824ms (cache revalidated)
npm http fetch GET 200 https://registry.npmjs.org/fs-extra 3781ms (cache revalidated)
npm http fetch GET 200 https://registry.npmjs.org/request-progress 3878ms (cache revalidated)
npm http fetch GET 200 https://registry.npmjs.org/@cypress%2fbrowserify-preprocessor 3869ms (cache revalidated)
npm http fetch GET 200 https://registry.npmjs.org/js-string-escape 3844ms (cache revalidated)
npm http fetch GET 200 https://registry.npmjs.org/mochawesome-merge 3818ms (cache revalidated)
npm http fetch GET 200 https://registry.npmjs.org/find 3798ms (cache revalidated)
npm http fetch GET 200 https://registry.npmjs.org/minimist 3860ms (cache revalidated)
npm http fetch GET 200 https://registry.npmjs.org/mochawesome 3850ms (cache revalidated)
npm http fetch GET 200 https://registry.npmjs.org/jsonfile 3836ms (cache revalidated)
npm http fetch GET 200 https://registry.npmjs.org/uuid 3839ms (cache revalidated)
npm http fetch GET 200 https://registry.npmjs.org/fs-extra 3862ms (cache revalidated)
npm http fetch GET 200 https://registry.npmjs.org/chai 3987ms (cache revalidated)
npm http fetch GET 200 https://registry.npmjs.org/through 3961ms (cache revalidated)
npm http fetch GET 200 https://registry.npmjs.org/mochawesome-report-generator 3941ms (cache revalidated)
npm http fetch GET 200 https://registry.npmjs.org/open 3918ms (cache revalidated)
npm http fetch GET 200 https://registry.npmjs.org/cucumber-tag-expressions 4033ms (cache revalidated)
npm http fetch GET 200 https://registry.npmjs.org/@types%2festree 3922ms (cache revalidated)
npm http fetch GET 200 https://registry.npmjs.org/@types%2feslint-scope 3945ms (cache revalidated)
npm http fetch GET 200 https://registry.npmjs.org/@webassemblyjs%2fast 3949ms (cache revalidated)
npm http fetch GET 200 https://registry.npmjs.org/gherkin 4128ms (cache revalidated)
npm http fetch GET 200 https://registry.npmjs.org/acorn 4020ms (cache revalidated)
npm http fetch GET 200 https://registry.npmjs.org/@webassemblyjs%2fwasm-edit 4047ms (cache revalidated)
npm http fetch GET 200 https://registry.npmjs.org/@webassemblyjs%2fwasm-parser 4049ms (cache revalidated)
npm http fetch GET 200 https://registry.npmjs.org/chrome-trace-event 4055ms (cache revalidated)
npm http fetch GET 200 https://registry.npmjs.org/luxon 4120ms (cache revalidated)
npm http fetch GET 200 https://registry.npmjs.org/browserslist 4082ms (cache revalidated)
npm http fetch GET 200 https://registry.npmjs.org/acorn-import-assertions 4132ms (cache revalidated)
npm http fetch GET 200 https://registry.npmjs.org/graceful-fs 4121ms (cache revalidated)
npm http fetch GET 200 https://registry.npmjs.org/es-module-lexer 4140ms (cache revalidated)
npm http fetch GET 200 https://registry.npmjs.org/enhanced-resolve 4152ms (cache revalidated)
npm http fetch GET 200 https://registry.npmjs.org/@cypress%2fxvfb 4520ms (cache revalidated)
npm http fetch GET 200 https://registry.npmjs.org/mime-types 4174ms (cache revalidated)
npm http fetch GET 200 https://registry.npmjs.org/events 4195ms (cache revalidated)
npm http fetch GET 200 https://registry.npmjs.org/loader-runner 4193ms (cache revalidated)
npm http fetch GET 200 https://registry.npmjs.org/glob-to-regexp 4205ms (cache revalidated)
npm http fetch GET 200 https://registry.npmjs.org/schema-utils 4187ms (cache revalidated)
npm http fetch GET 200 https://registry.npmjs.org/json-parse-even-better-errors 4221ms (cache revalidated)
npm http fetch GET 200 https://registry.npmjs.org/neo-async 4227ms (cache revalidated)
npm http fetch GET 200 https://registry.npmjs.org/tapable 4221ms (cache revalidated)
npm http fetch GET 200 https://registry.npmjs.org/terser-webpack-plugin 4223ms (cache revalidated)
npm http fetch GET 200 https://registry.npmjs.org/watchpack 4229ms (cache revalidated)
npm http fetch GET 200 https://registry.npmjs.org/webpack-sources 4230ms (cache revalidated)
npm http fetch GET 200 https://registry.npmjs.org/figures 4542ms (cache revalidated)
npm http fetch GET 200 https://registry.npmjs.org/lazy-ass 4510ms (cache revalidated)
npm http fetch GET 200 https://registry.npmjs.org/getos 4561ms (cache revalidated)
npm http fetch GET 200 https://registry.npmjs.org/eslint-scope 4363ms (cache revalidated)
npm http fetch GET 200 https://registry.npmjs.org/ospath 4605ms (cache revalidated)
npm http fetch GET 200 https://registry.npmjs.org/cucumber 4788ms (cache revalidated)
npm http fetch GET 200 https://registry.npmjs.org/dargs 4805ms (cache revalidated)
npm http fetch GET 200 https://registry.npmjs.org/cucumber-expressions 4832ms (cache revalidated)
npm http fetch GET 200 https://registry.npmjs.org/playwright-core 5109ms (cache revalidated)
npm http fetch GET 200 https://registry.npmjs.org/ms 103ms (cache revalidated)
npm http fetch GET 200 https://registry.npmjs.org/cross-spawn 170ms (cache revalidated)
npm http fetch GET 200 https://registry.npmjs.org/which 171ms (cache revalidated)
npm http fetch GET 200 https://registry.npmjs.org/image-size 181ms (cache revalidated)
npm http fetch GET 200 https://registry.npmjs.org/yaml 197ms (cache revalidated)
npm http fetch GET 200 https://registry.npmjs.org/fast-glob 200ms (cache revalidated)
npm http fetch GET 200 https://registry.npmjs.org/@percy%2fenv 2468ms (cache revalidated)
npm http fetch GET 200 https://registry.npmjs.org/@percy%2fcore 2558ms (cache revalidated)
npm http fetch GET 200 https://registry.npmjs.org/@percy%2fconfig 2760ms (cache revalidated)
npm http fetch GET 200 https://registry.npmjs.org/micromatch 192ms (cache revalidated)
npm http fetch GET 200 https://registry.npmjs.org/ws 198ms (cache revalidated)
npm http fetch GET 200 https://registry.npmjs.org/rimraf 222ms (cache revalidated)
npm http fetch GET 200 https://registry.npmjs.org/ajv 283ms (cache revalidated)
npm http fetch GET 200 https://registry.npmjs.org/content-disposition 290ms (cache revalidated)
npm http fetch GET 200 https://registry.npmjs.org/path-to-regexp 280ms (cache revalidated)
npm http fetch GET 200 https://registry.npmjs.org/@percy%2fwebdriver-utils 981ms (cache revalidated)
npm http fetch GET 200 https://registry.npmjs.org/@percy%2fdom 1766ms (cache revalidated)
npm http fetch GET 200 https://registry.npmjs.org/shebang-command 126ms (cache revalidated)
npm http fetch GET 200 https://registry.npmjs.org/isexe 122ms (cache revalidated)
npm http fetch GET 200 https://registry.npmjs.org/path-key 165ms (cache revalidated)
npm http fetch GET 200 https://registry.npmjs.org/glob-parent 199ms (cache revalidated)
npm http fetch GET 200 https://registry.npmjs.org/queue 190ms (cache revalidated)
npm http fetch GET 200 https://registry.npmjs.org/@nodelib%2ffs.stat 211ms (cache revalidated)
npm http fetch GET 200 https://registry.npmjs.org/@nodelib%2ffs.walk 211ms (cache revalidated)
npm http fetch GET 200 https://registry.npmjs.org/merge2 207ms (cache revalidated)
npm http fetch GET 200 https://registry.npmjs.org/uri-js 122ms (cache revalidated)
npm http fetch GET 200 https://registry.npmjs.org/fast-deep-equal 153ms (cache revalidated)
npm http fetch GET 200 https://registry.npmjs.org/json-schema-traverse 151ms (cache revalidated)
npm http fetch GET 200 https://registry.npmjs.org/path-type 142ms (cache revalidated)
npm http fetch GET 200 https://registry.npmjs.org/import-fresh 152ms (cache revalidated)
npm http fetch GET 200 https://registry.npmjs.org/parse-json 147ms (cache revalidated)
npm http fetch GET 200 https://registry.npmjs.org/require-from-string 165ms (cache revalidated)
npm http fetch GET 200 https://registry.npmjs.org/js-yaml 158ms (cache revalidated)
npm http fetch GET 200 https://registry.npmjs.org/get-stream 191ms (cache revalidated)
npm http fetch GET 200 https://registry.npmjs.org/picomatch 189ms (cache revalidated)
npm http fetch GET 200 https://registry.npmjs.org/safe-buffer 202ms (cache revalidated)
npm http fetch GET 200 https://registry.npmjs.org/mime-db 190ms (cache revalidated)
npm http fetch GET 200 https://registry.npmjs.org/@types%2fyauzl 201ms (cache revalidated)
npm http fetch GET 200 https://registry.npmjs.org/braces 200ms (cache revalidated)
npm http fetch GET 200 https://registry.npmjs.org/regenerator-runtime 250ms (cache revalidated)
npm http fetch GET 200 https://registry.npmjs.org/@babel%2fcode-frame 245ms (cache revalidated)
npm http fetch GET 200 https://registry.npmjs.org/@types%2faria-query 245ms (cache revalidated)
npm http fetch GET 200 https://registry.npmjs.org/dom-accessibility-api 241ms (cache revalidated)
npm http fetch GET 200 https://registry.npmjs.org/pretty-format 240ms (cache revalidated)
npm http fetch GET 200 https://registry.npmjs.org/lz-string 268ms (cache revalidated)
npm http fetch GET 200 https://registry.npmjs.org/aria-query 279ms (cache revalidated)
npm http fetch GET 200 https://registry.npmjs.org/@babel%2fhighlight 235ms (cache revalidated)
npm http fetch GET 200 https://registry.npmjs.org/deep-equal 227ms (cache revalidated)
npm http fetch GET 200 https://registry.npmjs.org/ansi-styles 222ms (cache revalidated)
npm http fetch GET 200 https://registry.npmjs.org/react-is 204ms (cache revalidated)
npm http fetch GET 200 https://registry.npmjs.org/ansi-styles 854ms (cache revalidated)
npm http fetch GET 200 https://registry.npmjs.org/ansi-regex 1212ms (cache revalidated)
npm http fetch GET 200 https://registry.npmjs.org/js-tokens 131ms (cache revalidated)
npm http fetch GET 200 https://registry.npmjs.org/@babel%2fhelper-validator-identifier 137ms (cache revalidated)
npm http fetch GET 200 https://registry.npmjs.org/escape-string-regexp 136ms (cache revalidated)
npm http fetch GET 200 https://registry.npmjs.org/punycode 98ms (cache revalidated)
npm http fetch GET 200 https://registry.npmjs.org/is-arguments 237ms (cache revalidated)
npm http fetch GET 200 https://registry.npmjs.org/call-bind 250ms (cache revalidated)
npm http fetch GET 200 https://registry.npmjs.org/is-regex 266ms (cache revalidated)
npm http fetch GET 200 https://registry.npmjs.org/is-date-object 271ms (cache revalidated)
npm http fetch GET 200 https://registry.npmjs.org/object-is 266ms (cache revalidated)
npm http fetch GET 200 https://registry.npmjs.org/is-array-buffer 287ms (cache revalidated)
npm http fetch GET 200 https://registry.npmjs.org/isarray 313ms (cache revalidated)
npm http fetch GET 200 https://registry.npmjs.org/which-boxed-primitive 293ms (cache revalidated)
npm http fetch GET 200 https://registry.npmjs.org/object-keys 315ms (cache revalidated)
npm http fetch GET 200 https://registry.npmjs.org/which-collection 299ms (cache revalidated)
npm http fetch GET 200 https://registry.npmjs.org/regexp.prototype.flags 314ms (cache revalidated)
npm http fetch GET 200 https://registry.npmjs.org/side-channel 313ms (cache revalidated)
npm http fetch GET 200 https://registry.npmjs.org/which-typed-array 306ms (cache revalidated)
npm http fetch GET 200 https://registry.npmjs.org/object.assign 477ms (cache revalidated)
npm http fetch GET 200 https://registry.npmjs.org/is-shared-array-buffer 526ms (cache revalidated)
npm http fetch GET 200 https://registry.npmjs.org/es-get-iterator 546ms (cache revalidated)
npm http fetch GET 200 https://registry.npmjs.org/array-buffer-byte-length 559ms (cache revalidated)
npm http fetch GET 200 https://registry.npmjs.org/get-intrinsic 557ms (cache revalidated)
npm http fetch GET 200 https://registry.npmjs.org/tar-stream 812ms (cache revalidated)
npm http fetch GET 200 https://registry.npmjs.org/string-width 777ms (cache revalidated)
npm http fetch GET 200 https://registry.npmjs.org/buffer-crc32 840ms (cache revalidated)
npm http fetch GET 200 https://registry.npmjs.org/agent-base 790ms (cache revalidated)
npm http fetch GET 200 https://registry.npmjs.org/readable-stream 838ms (cache revalidated)
npm http fetch GET 200 https://registry.npmjs.org/decompress-tarbz2 784ms (cache revalidated)
npm http fetch GET 200 https://registry.npmjs.org/zip-stream 834ms (cache revalidated)
npm http fetch GET 200 https://registry.npmjs.org/archiver-utils 870ms (cache revalidated)
npm http fetch GET 200 https://registry.npmjs.org/pify 783ms (cache revalidated)
npm http fetch GET 200 https://registry.npmjs.org/make-dir 786ms (cache revalidated)
npm http fetch GET 200 https://registry.npmjs.org/https-proxy-agent 828ms (cache revalidated)
npm http fetch GET 200 https://registry.npmjs.org/strip-dirs 783ms (cache revalidated)
npm http fetch GET 200 https://registry.npmjs.org/decompress-tar 811ms (cache revalidated)
npm http fetch GET 200 https://registry.npmjs.org/fs.realpath 818ms (cache revalidated)
npm http fetch GET 200 https://registry.npmjs.org/inflight 817ms (cache revalidated)
npm http fetch GET 200 https://registry.npmjs.org/minimatch 811ms (cache revalidated)
npm http fetch GET 200 https://registry.npmjs.org/path-is-absolute 816ms (cache revalidated)
npm http fetch GET 200 https://registry.npmjs.org/universalify 894ms (cache revalidated)
npm http fetch GET 200 https://registry.npmjs.org/readdir-glob 1005ms (cache revalidated)
npm http fetch GET 200 https://registry.npmjs.org/ini 911ms (cache revalidated)
npm http fetch GET 200 https://registry.npmjs.org/once 883ms (cache revalidated)
npm http fetch GET 200 https://registry.npmjs.org/serialize-javascript 828ms (cache revalidated)
npm http fetch GET 200 https://registry.npmjs.org/diff 858ms (cache revalidated)
npm http fetch GET 200 https://registry.npmjs.org/find-up 903ms (cache revalidated)
npm http fetch GET 200 https://registry.npmjs.org/ansi-colors 926ms (cache revalidated)
npm http fetch GET 200 https://registry.npmjs.org/nanoid 898ms (cache revalidated)
npm http fetch GET 200 https://registry.npmjs.org/minimatch 913ms (cache revalidated)
npm http fetch GET 200 https://registry.npmjs.org/yargs-unparser 897ms (cache revalidated)
npm http fetch GET 200 https://registry.npmjs.org/browser-stdout 947ms (cache revalidated)
npm http fetch GET 200 https://registry.npmjs.org/workerpool 908ms (cache revalidated)
npm http fetch GET 200 https://registry.npmjs.org/he 932ms (cache revalidated)
npm http fetch GET 200 https://registry.npmjs.org/strip-json-comments 920ms (cache revalidated)
npm http fetch GET 200 https://registry.npmjs.org/aws4 962ms (cache revalidated)
npm http fetch GET 200 https://registry.npmjs.org/yargs-parser 987ms (cache revalidated)
npm http fetch GET 200 https://registry.npmjs.org/combined-stream 971ms (cache revalidated)
npm http fetch GET 200 https://registry.npmjs.org/caseless 974ms (cache revalidated)
npm http fetch GET 200 https://registry.npmjs.org/form-data 962ms (cache revalidated)
npm http fetch GET 200 https://registry.npmjs.org/aws-sign2 984ms (cache revalidated)
npm http fetch GET 200 https://registry.npmjs.org/extend 979ms (cache revalidated)
npm http fetch GET 200 https://registry.npmjs.org/har-validator 972ms (cache revalidated)
npm http fetch GET 200 https://registry.npmjs.org/forever-agent 979ms (cache revalidated)
npm http fetch GET 200 https://registry.npmjs.org/http-signature 975ms (cache revalidated)
npm http fetch GET 200 https://registry.npmjs.org/performance-now 968ms (cache revalidated)
npm http fetch GET 200 https://registry.npmjs.org/isstream 983ms (cache revalidated)
npm http fetch GET 200 https://registry.npmjs.org/oauth-sign 986ms (cache revalidated)
npm http fetch GET 200 https://registry.npmjs.org/extend 976ms (cache revalidated)
npm http fetch GET 200 https://registry.npmjs.org/json-stringify-safe 991ms (cache revalidated)
npm http fetch GET 200 https://registry.npmjs.org/qs 988ms (cache revalidated)
npm http fetch GET 200 https://registry.npmjs.org/tough-cookie 992ms (cache revalidated)
npm http fetch GET 200 https://registry.npmjs.org/string-width 1003ms (cache revalidated)
npm http fetch GET 200 https://registry.npmjs.org/has-yarn 1012ms (cache revalidated)
npm http fetch GET 200 https://registry.npmjs.org/boxen 1016ms (cache revalidated)
npm http fetch GET 200 https://registry.npmjs.org/slice-ansi 1029ms (cache revalidated)
npm http fetch GET 200 https://registry.npmjs.org/configstore 1027ms (cache revalidated)
npm http fetch GET 200 https://registry.npmjs.org/is-yarn-global 1059ms (cache revalidated)
npm http fetch GET 200 https://registry.npmjs.org/isstream 1076ms (cache revalidated)
npm http fetch GET 200 https://registry.npmjs.org/import-lazy 1101ms (cache revalidated)
npm http fetch GET 200 https://registry.npmjs.org/latest-version 1097ms (cache revalidated)
npm http fetch GET 200 https://registry.npmjs.org/is-npm 1110ms (cache revalidated)
npm http fetch GET 200 https://registry.npmjs.org/xdg-basedir 1146ms (cache revalidated)
npm http fetch GET 200 https://registry.npmjs.org/pupa 1176ms (cache revalidated)
npm http fetch GET 200 https://registry.npmjs.org/get-caller-file 1204ms (cache revalidated)
npm http fetch GET 200 https://registry.npmjs.org/stack-trace 1234ms (cache revalidated)
npm http fetch GET 200 https://registry.npmjs.org/decamelize 1269ms (cache revalidated)
npm http fetch GET 200 https://registry.npmjs.org/cliui 1292ms (cache revalidated)
npm http fetch GET 200 https://registry.npmjs.org/cycle 1341ms (cache revalidated)
npm http fetch GET 200 https://registry.npmjs.org/yargs-parser 1337ms (cache revalidated)
npm http fetch GET 200 https://registry.npmjs.org/semver-diff 1381ms (cache revalidated)
npm http fetch GET 200 https://registry.npmjs.org/eyes 1401ms (cache revalidated)
npm http fetch GET 200 https://registry.npmjs.org/colors 1406ms (cache revalidated)
npm http fetch GET 200 https://registry.npmjs.org/find-up 1395ms (cache revalidated)
npm http fetch GET 200 https://registry.npmjs.org/require-main-filename 1407ms (cache revalidated)
npm http fetch GET 200 https://registry.npmjs.org/which-module 1421ms (cache revalidated)
npm http fetch GET 200 https://registry.npmjs.org/y18n 1428ms (cache revalidated)
npm http fetch GET 200 https://registry.npmjs.org/set-blocking 1435ms (cache revalidated)
npm http fetch GET 200 https://registry.npmjs.org/require-directory 1449ms (cache revalidated)
npm http fetch GET 200 https://registry.npmjs.org/inherits 1653ms (cache revalidated)
npm http fetch GET 200 https://registry.npmjs.org/ps-tree 1854ms (cache revalidated)
npm http fetch GET 200 https://registry.npmjs.org/temp-fs 1851ms (cache revalidated)
npm http fetch GET 200 https://registry.npmjs.org/is-running 1861ms (cache revalidated)
npm http fetch GET 200 https://registry.npmjs.org/decompress-unzip 1848ms (cache revalidated)
npm http fetch GET 200 https://registry.npmjs.org/decompress-targz 1883ms (cache revalidated)
npm http fetch GET 200 https://registry.npmjs.org/event-pubsub 1857ms (cache revalidated)
npm http fetch GET 200 https://registry.npmjs.org/js-queue 1864ms (cache revalidated)
npm http fetch GET 200 https://registry.npmjs.org/js-message 1924ms (cache revalidated)
npm http fetch GET 200 https://registry.npmjs.org/is-typedarray 1969ms (cache revalidated)
npm http fetch GET 200 https://registry.npmjs.org/tunnel-agent 1961ms (cache revalidated)
npm http fetch GET 200 https://registry.npmjs.org/lodash.flatten 210ms (cache revalidated)
npm http fetch GET 200 https://registry.npmjs.org/normalize-path 233ms (cache revalidated)
npm http fetch GET 200 https://registry.npmjs.org/lodash.union 239ms (cache revalidated)
npm http fetch GET 200 https://registry.npmjs.org/lazystream 258ms (cache revalidated)
npm http fetch GET 200 https://registry.npmjs.org/lodash.difference 255ms (cache revalidated)
npm http fetch GET 200 https://registry.npmjs.org/string_decoder 236ms (cache revalidated)
npm http fetch GET 200 https://registry.npmjs.org/util-deprecate 237ms (cache revalidated)
npm http fetch GET 200 https://registry.npmjs.org/lodash.isplainobject 274ms (cache revalidated)
npm http fetch GET 200 https://registry.npmjs.org/fs-constants 243ms (cache revalidated)
npm http fetch GET 200 https://registry.npmjs.org/bl 250ms (cache revalidated)
npm http fetch GET 200 https://registry.npmjs.org/lodash.defaults 290ms (cache revalidated)
npm http fetch GET 200 https://registry.npmjs.org/end-of-stream 253ms (cache revalidated)
npm http fetch GET 200 https://registry.npmjs.org/compress-commons 239ms (cache revalidated)
npm http fetch GET 200 https://registry.npmjs.org/core-util-is 121ms (cache revalidated)
npm http fetch GET 200 https://registry.npmjs.org/process-nextick-args 113ms (cache revalidated)
npm http fetch GET 200 https://registry.npmjs.org/event-stream 1128ms (cache revalidated)
npm http fetch GET 200 https://registry.npmjs.org/has-flag 93ms (cache revalidated)
npm http fetch GET 200 https://registry.npmjs.org/color-convert 111ms (cache revalidated)
npm http fetch GET 200 https://registry.npmjs.org/color-name 104ms (cache revalidated)
npm http fetch GET 200 https://registry.npmjs.org/strip-ansi 117ms (cache revalidated)
npm http fetch GET 200 https://registry.npmjs.org/is-fullwidth-code-point 127ms (cache revalidated)
npm http fetch GET 200 https://registry.npmjs.org/emoji-regex 133ms (cache revalidated)
npm http fetch GET 200 https://registry.npmjs.org/argparse 132ms (cache revalidated)
npm http fetch GET 200 https://registry.npmjs.org/parent-module 160ms (cache revalidated)
npm http fetch GET 200 https://registry.npmjs.org/resolve-from 161ms (cache revalidated)
npm http fetch GET 200 https://registry.npmjs.org/error-ex 160ms (cache revalidated)
npm http fetch GET 200 https://registry.npmjs.org/lines-and-columns 160ms (cache revalidated)
npm http fetch GET 200 https://registry.npmjs.org/shebang-regex 117ms (cache revalidated)
npm http fetch GET 200 https://registry.npmjs.org/ieee754 228ms (cache revalidated)
npm http fetch GET 200 https://registry.npmjs.org/strip-final-newline 207ms (cache revalidated)
npm http fetch GET 200 https://registry.npmjs.org/lodash.once 253ms (cache revalidated)
npm http fetch GET 200 https://registry.npmjs.org/merge-stream 215ms (cache revalidated)
npm http fetch GET 200 https://registry.npmjs.org/human-signals 219ms (cache revalidated)
npm http fetch GET 200 https://registry.npmjs.org/is-stream 219ms (cache revalidated)
npm http fetch GET 200 https://registry.npmjs.org/base64-js 244ms (cache revalidated)
npm http fetch GET 200 https://registry.npmjs.org/npm-run-path 224ms (cache revalidated)
npm http fetch GET 200 https://registry.npmjs.org/signal-exit 226ms (cache revalidated)
npm http fetch GET 200 https://registry.npmjs.org/onetime 231ms (cache revalidated)
npm http fetch GET 200 https://registry.npmjs.org/at-least-node 242ms (cache revalidated)
npm http fetch GET 200 https://registry.npmjs.org/restore-cursor 264ms (cache revalidated)
npm http fetch GET 200 https://registry.npmjs.org/ci-info 245ms (cache revalidated)
npm http fetch GET 200 https://registry.npmjs.org/@colors%2fcolors 286ms (cache revalidated)
npm http fetch GET 200 https://registry.npmjs.org/is-path-inside 260ms (cache revalidated)
npm http fetch GET 200 https://registry.npmjs.org/colorette 256ms (cache revalidated)
npm http fetch GET 200 https://registry.npmjs.org/fd-slicer 231ms (cache revalidated)
npm http fetch GET 200 https://registry.npmjs.org/p-map 260ms (cache revalidated)
npm http fetch GET 200 https://registry.npmjs.org/wrap-ansi 258ms (cache revalidated)
npm http fetch GET 200 https://registry.npmjs.org/rfdc 263ms (cache revalidated)
npm http fetch GET 200 https://registry.npmjs.org/rxjs 264ms (cache revalidated)
npm http fetch GET 200 https://registry.npmjs.org/throttleit 266ms (cache revalidated)
npm http fetch GET 200 https://registry.npmjs.org/lru-cache 270ms (cache revalidated)
npm http fetch GET 200 https://registry.npmjs.org/cli-truncate 506ms (cache revalidated)
npm http fetch GET 200 https://registry.npmjs.org/is-unicode-supported 509ms (cache revalidated)
npm http fetch GET 200 https://registry.npmjs.org/log-update 1250ms (cache revalidated)
npm http fetch GET 200 https://registry.npmjs.org/global-dirs 1284ms (cache revalidated)
npm http fetch GET 200 https://registry.npmjs.org/assert-plus 162ms (cache revalidated)
npm http fetch GET 200 https://registry.npmjs.org/url-parse 147ms (cache revalidated)
npm http fetch GET 200 https://registry.npmjs.org/psl 153ms (cache revalidated)
npm http fetch GET 200 https://registry.npmjs.org/delayed-stream 192ms (cache revalidated)
npm http fetch GET 200 https://registry.npmjs.org/sshpk 169ms (cache revalidated)
npm http fetch GET 200 https://registry.npmjs.org/jsprim 176ms (cache revalidated)
npm http fetch GET 200 https://registry.npmjs.org/asynckit 186ms (cache revalidated)
npm http fetch GET 200 https://registry.npmjs.org/lodash.clonedeep 174ms (cache revalidated)
npm http fetch GET 200 https://registry.npmjs.org/browserify 239ms (cache revalidated)
npm http fetch GET 200 https://registry.npmjs.org/babel-plugin-add-module-exports 274ms (cache revalidated)
npm http fetch GET 200 https://registry.npmjs.org/through2 280ms (cache revalidated)
npm http fetch GET 200 https://registry.npmjs.org/@babel%2fplugin-transform-runtime 305ms (cache revalidated)
npm http fetch GET 200 https://registry.npmjs.org/@babel%2fcore 346ms (cache revalidated)
npm http fetch GET 200 https://registry.npmjs.org/@babel%2fplugin-proposal-object-rest-spread 353ms (cache revalidated)
npm http fetch GET 200 https://registry.npmjs.org/@babel%2fpreset-env 358ms (cache revalidated)
npm http fetch GET 200 https://registry.npmjs.org/@babel%2fplugin-proposal-class-properties 402ms (cache revalidated)
npm http fetch GET 200 https://registry.npmjs.org/@babel%2fpreset-react 401ms (cache revalidated)
npm http fetch GET 200 https://registry.npmjs.org/get-func-name 394ms (cache revalidated)
npm http fetch GET 200 https://registry.npmjs.org/check-error 399ms (cache revalidated)
npm http fetch GET 200 https://registry.npmjs.org/type-detect 397ms (cache revalidated)
npm http fetch GET 200 https://registry.npmjs.org/loupe 404ms (cache revalidated)
npm http fetch GET 200 https://registry.npmjs.org/fsevents 403ms (cache revalidated)
npm http fetch GET 200 https://registry.npmjs.org/pathval 413ms (cache revalidated)
npm http fetch GET 200 https://registry.npmjs.org/anymatch 414ms (cache revalidated)
npm http fetch GET 200 https://registry.npmjs.org/is-glob 413ms (cache revalidated)
npm http fetch GET 200 https://registry.npmjs.org/cli-table 415ms (cache revalidated)
npm http fetch GET 200 https://registry.npmjs.org/is-binary-path 441ms (cache revalidated)
npm http fetch GET 200 https://registry.npmjs.org/readdirp 441ms (cache revalidated)
npm http fetch GET 200 https://registry.npmjs.org/is-directory 445ms (cache revalidated)
npm http fetch GET 200 https://registry.npmjs.org/is-generator 438ms (cache revalidated)
npm http fetch GET 200 https://registry.npmjs.org/duration 441ms (cache revalidated)
npm http fetch GET 200 https://registry.npmjs.org/mz 440ms (cache revalidated)
npm http fetch GET 200 https://registry.npmjs.org/babel-runtime 447ms (cache revalidated)
npm http fetch GET 200 https://registry.npmjs.org/resolve 462ms (cache revalidated)
npm http fetch GET 200 https://registry.npmjs.org/babelify 511ms (cache revalidated)
npm http fetch GET 200 https://registry.npmjs.org/indent-string 471ms (cache revalidated)
npm http fetch GET 200 https://registry.npmjs.org/progress 469ms (cache revalidated)
npm http fetch GET 200 https://registry.npmjs.org/stacktrace-js 469ms (cache revalidated)
npm http fetch GET 200 https://registry.npmjs.org/serialize-error 471ms (cache revalidated)
npm http fetch GET 200 https://registry.npmjs.org/string-argv 478ms (cache revalidated)
npm http fetch GET 200 https://registry.npmjs.org/verror 497ms (cache revalidated)
npm http fetch GET 200 https://registry.npmjs.org/coffeescript 556ms (cache revalidated)
npm http fetch GET 200 https://registry.npmjs.org/knuth-shuffle-seeded 604ms (cache revalidated)
npm http fetch GET 200 https://registry.npmjs.org/stack-chain 718ms (cache revalidated)
npm http fetch GET 200 https://registry.npmjs.org/assertion-error 1270ms (cache revalidated)
npm http fetch GET 200 https://registry.npmjs.org/watchify 1278ms (cache revalidated)
npm http fetch GET 200 https://registry.npmjs.org/coffeeify 1308ms (cache revalidated)
npm http fetch GET 200 https://registry.npmjs.org/deep-eql 1315ms (cache revalidated)
npm http fetch GET 200 https://registry.npmjs.org/assertion-error-formatter 1407ms (cache revalidated)
npm http fetch GET 200 https://registry.npmjs.org/title-case 1530ms (cache revalidated)
npm http fetch GET 200 https://registry.npmjs.org/util-arity 1553ms (cache revalidated)
npm http fetch GET 200 https://registry.npmjs.org/becke-ch--regex--s0-0-v1--base--pl--lib 1560ms (cache revalidated)
npm http fetch GET 200 https://registry.npmjs.org/gensync 615ms (cache revalidated)
npm http fetch GET 200 https://registry.npmjs.org/@babel%2fhelper-compilation-targets 653ms (cache revalidated)
npm http fetch GET 200 https://registry.npmjs.org/@babel%2fhelper-compilation-targets 596ms (cache revalidated)
npm http fetch GET 200 https://registry.npmjs.org/json5 618ms (cache revalidated)
npm http fetch GET 200 https://registry.npmjs.org/@babel%2ftemplate 636ms (cache revalidated)
npm http fetch GET 200 https://registry.npmjs.org/@babel%2fhelper-create-class-features-plugin 615ms (cache revalidated)
npm http fetch GET 200 https://registry.npmjs.org/@babel%2ftypes 636ms (cache revalidated)
npm http fetch GET 200 https://registry.npmjs.org/@ampproject%2fremapping 675ms (cache revalidated)
npm http fetch GET 200 https://registry.npmjs.org/@babel%2fhelpers 665ms (cache revalidated)
npm http fetch GET 200 https://registry.npmjs.org/@babel%2fhelper-module-transforms 672ms (cache revalidated)
npm http fetch GET 200 https://registry.npmjs.org/@babel%2fgenerator 682ms (cache revalidated)
npm http fetch GET 200 https://registry.npmjs.org/@babel%2fhelper-plugin-utils 639ms (cache revalidated)
npm http fetch GET 200 https://registry.npmjs.org/@babel%2fhelper-module-imports 615ms (cache revalidated)
npm http fetch GET 200 https://registry.npmjs.org/@babel%2fparser 676ms (cache revalidated)
npm http fetch GET 200 https://registry.npmjs.org/@babel%2ftraverse 677ms (cache revalidated)
npm http fetch GET 200 https://registry.npmjs.org/@babel%2fhelper-plugin-utils 706ms (cache revalidated)
npm http fetch GET 200 https://registry.npmjs.org/@babel%2fhelper-plugin-utils 694ms (cache revalidated)
npm http fetch GET 200 https://registry.npmjs.org/babel-plugin-polyfill-corejs3 691ms (cache revalidated)
npm http fetch GET 200 https://registry.npmjs.org/@babel%2fcompat-data 686ms (cache revalidated)
npm http fetch GET 200 https://registry.npmjs.org/@babel%2fcompat-data 726ms (cache revalidated)
npm http fetch GET 200 https://registry.npmjs.org/convert-source-map 752ms (cache revalidated)
npm http fetch GET 200 https://registry.npmjs.org/@babel%2fplugin-bugfix-v8-spread-parameters-in-optional-chaining 685ms (cache revalidated)
npm http fetch GET 200 https://registry.npmjs.org/@babel%2fplugin-transform-parameters 719ms (cache revalidated)
npm http fetch GET 200 https://registry.npmjs.org/@babel%2fplugin-bugfix-safari-id-destructuring-collision-in-function-expression 693ms (cache revalidated)
npm http fetch GET 200 https://registry.npmjs.org/babel-plugin-polyfill-corejs2 713ms (cache revalidated)
npm http fetch GET 200 https://registry.npmjs.org/@babel%2fhelper-validator-option 698ms (cache revalidated)
npm http fetch GET 200 https://registry.npmjs.org/@babel%2fplugin-proposal-private-property-in-object 692ms (cache revalidated)
npm http fetch GET 200 https://registry.npmjs.org/@babel%2fplugin-syntax-dynamic-import 684ms (cache revalidated)
npm http fetch GET 200 https://registry.npmjs.org/babel-plugin-polyfill-regenerator 714ms (cache revalidated)
npm http fetch GET 200 https://registry.npmjs.org/@babel%2fplugin-syntax-object-rest-spread 736ms (cache revalidated)
npm http fetch GET 200 https://registry.npmjs.org/@babel%2fplugin-syntax-class-properties 719ms (cache revalidated)
npm http fetch GET 200 https://registry.npmjs.org/@babel%2fplugin-syntax-export-namespace-from 717ms (cache revalidated)
npm http fetch GET 200 https://registry.npmjs.org/@babel%2fplugin-syntax-import-assertions 718ms (cache revalidated)
npm http fetch GET 200 https://registry.npmjs.org/@babel%2fplugin-syntax-optional-chaining 703ms (cache revalidated)
npm http fetch GET 200 https://registry.npmjs.org/@babel%2fplugin-syntax-class-static-block 725ms (cache revalidated)
npm http fetch GET 200 https://registry.npmjs.org/@babel%2fplugin-syntax-json-strings 761ms (cache revalidated)
npm http fetch GET 200 https://registry.npmjs.org/@babel%2fplugin-syntax-import-attributes 765ms (cache revalidated)
npm http fetch GET 200 https://registry.npmjs.org/@babel%2fplugin-syntax-top-level-await 748ms (cache revalidated)
npm http fetch GET 200 https://registry.npmjs.org/@babel%2fplugin-transform-async-generator-functions 747ms (cache revalidated)
npm http fetch GET 200 https://registry.npmjs.org/@babel%2fplugin-syntax-logical-assignment-operators 765ms (cache revalidated)
npm http fetch GET 200 https://registry.npmjs.org/@babel%2fplugin-syntax-nullish-coalescing-operator 758ms (cache revalidated)
npm http fetch GET 200 https://registry.npmjs.org/@babel%2fplugin-syntax-numeric-separator 759ms (cache revalidated)
npm http fetch GET 200 https://registry.npmjs.org/@babel%2fplugin-syntax-unicode-sets-regex 756ms (cache revalidated)
npm http fetch GET 200 https://registry.npmjs.org/@babel%2fplugin-syntax-import-meta 774ms (cache revalidated)
npm http fetch GET 200 https://registry.npmjs.org/@babel%2fplugin-syntax-optional-catch-binding 763ms (cache revalidated)
npm http fetch GET 200 https://registry.npmjs.org/@babel%2fplugin-transform-block-scoped-functions 775ms (cache revalidated)
npm http fetch GET 200 https://registry.npmjs.org/@babel%2fplugin-transform-block-scoping 778ms (cache revalidated)
npm http fetch GET 200 https://registry.npmjs.org/@babel%2fplugin-transform-arrow-functions 786ms (cache revalidated)
npm http fetch GET 200 https://registry.npmjs.org/@babel%2fplugin-syntax-private-property-in-object 790ms (cache revalidated)
npm http fetch GET 200 https://registry.npmjs.org/@babel%2fplugin-transform-async-to-generator 823ms (cache revalidated)
npm http fetch GET 200 https://registry.npmjs.org/@babel%2fplugin-transform-dynamic-import 829ms (cache revalidated)
npm http fetch GET 200 https://registry.npmjs.org/@babel%2fplugin-transform-class-properties 836ms (cache revalidated)
npm http fetch GET 200 https://registry.npmjs.org/@babel%2fplugin-transform-duplicate-keys 832ms (cache revalidated)
npm http fetch GET 200 https://registry.npmjs.org/@babel%2fplugin-transform-destructuring 837ms (cache revalidated)
npm http fetch GET 200 https://registry.npmjs.org/@babel%2fplugin-transform-computed-properties 841ms (cache revalidated)
npm http fetch GET 200 https://registry.npmjs.org/@babel%2fplugin-transform-class-static-block 849ms (cache revalidated)
npm http fetch GET 200 https://registry.npmjs.org/@babel%2fplugin-syntax-async-generators 887ms (cache revalidated)
npm http fetch GET 200 https://registry.npmjs.org/@babel%2fplugin-transform-dotall-regex 850ms (cache revalidated)
npm http fetch GET 200 https://registry.npmjs.org/@babel%2fplugin-transform-exponentiation-operator 851ms (cache revalidated)
npm http fetch GET 200 https://registry.npmjs.org/@babel%2fplugin-transform-classes 865ms (cache revalidated)
npm http fetch GET 200 https://registry.npmjs.org/@babel%2fplugin-transform-literals 872ms (cache revalidated)
npm http fetch GET 200 https://registry.npmjs.org/@babel%2fplugin-transform-export-namespace-from 878ms (cache revalidated)
npm http fetch GET 200 https://registry.npmjs.org/@babel%2fplugin-transform-json-strings 890ms (cache revalidated)
npm http fetch GET 200 https://registry.npmjs.org/@babel%2fplugin-transform-function-name 902ms (cache revalidated)
npm http fetch GET 200 https://registry.npmjs.org/@babel%2fplugin-transform-member-expression-literals 903ms (cache revalidated)
npm http fetch GET 200 https://registry.npmjs.org/@babel%2fplugin-transform-modules-commonjs 915ms (cache revalidated)
npm http fetch GET 200 https://registry.npmjs.org/@babel%2fplugin-transform-modules-systemjs 929ms (cache revalidated)
npm http fetch GET 200 https://registry.npmjs.org/@babel%2fplugin-transform-logical-assignment-operators 936ms (cache revalidated)
npm http fetch GET 200 https://registry.npmjs.org/@babel%2fplugin-transform-named-capturing-groups-regex 928ms (cache revalidated)
npm http fetch GET 200 https://registry.npmjs.org/@babel%2fplugin-transform-private-methods 937ms (cache revalidated)
npm http fetch GET 200 https://registry.npmjs.org/@babel%2fplugin-transform-modules-umd 953ms (cache revalidated)
npm http fetch GET 200 https://registry.npmjs.org/@babel%2fplugin-transform-object-rest-spread 946ms (cache revalidated)
npm http fetch GET 200 https://registry.npmjs.org/@babel%2fplugin-transform-modules-amd 959ms (cache revalidated)
npm http fetch GET 200 https://registry.npmjs.org/@babel%2fplugin-transform-for-of 966ms (cache revalidated)
npm http fetch GET 200 https://registry.npmjs.org/@babel%2fplugin-transform-object-super 953ms (cache revalidated)
npm http fetch GET 200 https://registry.npmjs.org/@babel%2fplugin-transform-nullish-coalescing-operator 965ms (cache revalidated)
npm http fetch GET 200 https://registry.npmjs.org/@babel%2fplugin-transform-new-target 968ms (cache revalidated)
npm http fetch GET 200 https://registry.npmjs.org/@babel%2fplugin-transform-parameters 996ms (cache revalidated)
npm http fetch GET 200 https://registry.npmjs.org/@babel%2fplugin-transform-optional-chaining 1011ms (cache revalidated)
npm http fetch GET 200 https://registry.npmjs.org/@babel%2fplugin-transform-shorthand-properties 1023ms (cache revalidated)
npm http fetch GET 200 https://registry.npmjs.org/@babel%2fplugin-transform-property-literals 1029ms (cache revalidated)
npm http fetch GET 200 https://registry.npmjs.org/@babel%2fplugin-transform-spread 1029ms (cache revalidated)
npm http fetch GET 200 https://registry.npmjs.org/@babel%2fplugin-transform-private-property-in-object 1044ms (cache revalidated)
npm http fetch GET 200 https://registry.npmjs.org/@babel%2fplugin-transform-numeric-separator 1053ms (cache revalidated)
npm http fetch GET 200 https://registry.npmjs.org/@babel%2ftypes 1045ms (cache revalidated)
npm http fetch GET 200 https://registry.npmjs.org/@babel%2fplugin-transform-unicode-property-regex 1056ms (cache revalidated)
npm http fetch GET 200 https://registry.npmjs.org/@babel%2fplugin-transform-optional-catch-binding 1073ms (cache revalidated)
npm http fetch GET 200 https://registry.npmjs.org/@babel%2fplugin-transform-regenerator 1069ms (cache revalidated)
npm http fetch GET 200 https://registry.npmjs.org/@babel%2fplugin-transform-sticky-regex 1092ms (cache revalidated)
npm http fetch GET 200 https://registry.npmjs.org/@babel%2fplugin-transform-template-literals 1095ms (cache revalidated)
npm http fetch GET 200 https://registry.npmjs.org/@babel%2fplugin-transform-reserved-words 1105ms (cache revalidated)
npm http fetch GET 200 https://registry.npmjs.org/@babel%2fplugin-transform-typeof-symbol 1100ms (cache revalidated)
npm http fetch GET 200 https://registry.npmjs.org/@babel%2fplugin-transform-unicode-regex 1136ms (cache revalidated)
npm http fetch GET 200 https://registry.npmjs.org/@babel%2fplugin-transform-unicode-escapes 1143ms (cache revalidated)
npm http fetch GET 200 https://registry.npmjs.org/@babel%2fplugin-transform-react-jsx 1135ms (cache revalidated)
npm http fetch GET 200 https://registry.npmjs.org/@babel%2fplugin-transform-react-display-name 1139ms (cache revalidated)
npm http fetch GET 200 https://registry.npmjs.org/@babel%2fplugin-transform-react-jsx-development 1147ms (cache revalidated)
npm http fetch GET 200 https://registry.npmjs.org/@babel%2fpreset-modules 1154ms (cache revalidated)
npm http fetch GET 200 https://registry.npmjs.org/browserify-zlib 1128ms (cache revalidated)
npm http fetch GET 200 https://registry.npmjs.org/@babel%2fplugin-transform-react-pure-annotations 1150ms (cache revalidated)
npm http fetch GET 200 https://registry.npmjs.org/@babel%2fplugin-transform-unicode-sets-regex 1159ms (cache revalidated)
npm http fetch GET 200 https://registry.npmjs.org/core-js-compat 1156ms (cache revalidated)
npm http fetch GET 200 https://registry.npmjs.org/JSONStream 1150ms (cache revalidated)
npm http fetch GET 200 https://registry.npmjs.org/constants-browserify 1133ms (cache revalidated)
npm http fetch GET 200 https://registry.npmjs.org/crypto-browserify 1133ms (cache revalidated)
npm http fetch GET 200 https://registry.npmjs.org/concat-stream 1137ms (cache revalidated)
npm http fetch GET 200 https://registry.npmjs.org/duplexer2 1131ms (cache revalidated)
npm http fetch GET 200 https://registry.npmjs.org/has 1130ms (cache revalidated)
npm http fetch GET 200 https://registry.npmjs.org/domain-browser 1133ms (cache revalidated)
npm http fetch GET 200 https://registry.npmjs.org/https-browserify 1130ms (cache revalidated)
npm http fetch GET 200 https://registry.npmjs.org/mkdirp-classic 1127ms (cache revalidated)
npm http fetch GET 200 https://registry.npmjs.org/querystring-es3 1159ms (cache revalidated)
npm http fetch GET 200 https://registry.npmjs.org/os-browserify 1165ms (cache revalidated)
npm http fetch GET 200 https://registry.npmjs.org/shasum 1174ms (cache revalidated)
npm http fetch GET 200 https://registry.npmjs.org/path-browserify 1231ms (cache revalidated)
npm http fetch GET 200 https://registry.npmjs.org/stream-http 1227ms (cache revalidated)
npm http fetch GET 200 https://registry.npmjs.org/cached-path-relative 1294ms (cache revalidated)
npm http fetch GET 200 https://registry.npmjs.org/console-browserify 1325ms (cache revalidated)
npm http fetch GET 200 https://registry.npmjs.org/deps-sort 1344ms (cache revalidated)
npm http fetch GET 200 https://registry.npmjs.org/htmlescape 1385ms (cache revalidated)
npm http fetch GET 200 https://registry.npmjs.org/shell-quote 1371ms (cache revalidated)
npm http fetch GET 200 https://registry.npmjs.org/util 1373ms (cache revalidated)
npm http fetch GET 200 https://registry.npmjs.org/vm-browserify 1417ms (cache revalidated)
npm http fetch GET 200 https://registry.npmjs.org/url 1437ms (cache revalidated)
npm http fetch GET 200 https://registry.npmjs.org/convert-source-map 1466ms (cache revalidated)
npm http fetch GET 200 https://registry.npmjs.org/timers-browserify 1516ms (cache revalidated)
npm http fetch GET 200 https://registry.npmjs.org/xtend 1543ms (cache revalidated)
npm http fetch GET 200 https://registry.npmjs.org/xtend 1545ms (cache revalidated)
npm http fetch GET 200 https://registry.npmjs.org/stream-browserify 1608ms (cache revalidated)
npm http fetch GET 200 https://registry.npmjs.org/xtend 1610ms (cache revalidated)
npm http fetch GET 200 https://registry.npmjs.org/assert 2033ms (cache revalidated)
npm http fetch GET 200 https://registry.npmjs.org/browser-resolve 2084ms (cache revalidated)
npm http fetch GET 200 https://registry.npmjs.org/browser-pack 2095ms (cache revalidated)
npm http fetch GET 200 https://registry.npmjs.org/defined 2114ms (cache revalidated)
npm http fetch GET 200 https://registry.npmjs.org/module-deps 2162ms (cache revalidated)
npm http fetch GET 200 https://registry.npmjs.org/insert-module-globals 2187ms (cache revalidated)
npm http fetch GET 200 https://registry.npmjs.org/parents 2205ms (cache revalidated)
npm http fetch GET 200 https://registry.npmjs.org/labeled-stream-splicer 2227ms (cache revalidated)
npm http fetch GET 200 https://registry.npmjs.org/subarg 2330ms (cache revalidated)
npm http fetch GET 200 https://registry.npmjs.org/tty-browserify 2345ms (cache revalidated)
npm http fetch GET 200 https://registry.npmjs.org/read-only-stream 2365ms (cache revalidated)
npm http fetch GET 200 https://registry.npmjs.org/syntax-error 2455ms (cache revalidated)
npm http fetch GET 200 https://registry.npmjs.org/outpipe 2644ms (cache revalidated)
npm http fetch GET 200 https://registry.npmjs.org/globals 261ms (cache revalidated)
npm http fetch GET 200 https://registry.npmjs.org/@babel%2fhelper-hoist-variables 266ms (cache revalidated)
npm http fetch GET 200 https://registry.npmjs.org/@jridgewell%2fgen-mapping 354ms (cache revalidated)
npm http fetch GET 200 https://registry.npmjs.org/@babel%2fhelper-simple-access 290ms (cache revalidated)
npm http fetch GET 200 https://registry.npmjs.org/@babel%2fhelper-split-export-declaration 289ms (cache revalidated)
npm http fetch GET 200 https://registry.npmjs.org/jsesc 324ms (cache revalidated)
npm http fetch GET 200 https://registry.npmjs.org/@jridgewell%2ftrace-mapping 356ms (cache revalidated)
npm http fetch GET 200 https://registry.npmjs.org/@babel%2fhelper-environment-visitor 301ms (cache revalidated)
npm http fetch GET 200 https://registry.npmjs.org/to-fast-properties 271ms (cache revalidated)
npm http fetch GET 200 https://registry.npmjs.org/@babel%2fhelper-string-parser 273ms (cache revalidated)
npm http fetch GET 200 https://registry.npmjs.org/@jridgewell%2ftrace-mapping 352ms (cache revalidated)
npm http fetch GET 200 https://registry.npmjs.org/@jridgewell%2fgen-mapping 361ms (cache revalidated)
npm http fetch GET 200 https://registry.npmjs.org/@babel%2fhelper-function-name 296ms (cache revalidated)
npm http fetch GET 200 https://registry.npmjs.org/@jridgewell%2fsourcemap-codec 154ms (cache revalidated)
npm http fetch GET 200 https://registry.npmjs.org/@jridgewell%2fsourcemap-codec 149ms (cache revalidated)
npm http fetch GET 200 https://registry.npmjs.org/@jridgewell%2fset-array 193ms (cache revalidated)
npm http fetch GET 200 https://registry.npmjs.org/@jridgewell%2fresolve-uri 200ms (cache revalidated)
npm http fetch GET 200 https://registry.npmjs.org/electron-to-chromium 156ms (cache revalidated)
npm http fetch GET 200 https://registry.npmjs.org/yallist 191ms (cache revalidated)
npm http fetch GET 200 https://registry.npmjs.org/caniuse-lite 218ms (cache revalidated)
npm http fetch GET 200 https://registry.npmjs.org/update-browserslist-db 232ms (cache revalidated)
npm http fetch GET 200 https://registry.npmjs.org/node-releases 240ms (cache revalidated)
npm http fetch GET 200 https://registry.npmjs.org/@babel%2fhelper-annotate-as-pure 204ms (cache revalidated)
npm http fetch GET 200 https://registry.npmjs.org/@babel%2fhelper-skip-transparent-expression-wrappers 367ms (cache revalidated)
npm http fetch GET 200 https://registry.npmjs.org/@babel%2fhelper-member-expression-to-functions 388ms (cache revalidated)
npm http fetch GET 200 https://registry.npmjs.org/@babel%2fhelper-optimise-call-expression 407ms (cache revalidated)
npm http fetch GET 200 https://registry.npmjs.org/@babel%2fhelper-replace-supers 425ms (cache revalidated)
npm http fetch GET 200 https://registry.npmjs.org/@babel%2fhelper-define-polyfill-provider 143ms (cache revalidated)
npm http fetch GET 200 https://registry.npmjs.org/regenerator-transform 150ms (cache revalidated)
npm http fetch GET 200 https://registry.npmjs.org/@babel%2fhelper-remap-async-to-generator 268ms (cache revalidated)
npm http fetch GET 200 https://registry.npmjs.org/@babel%2fhelper-remap-async-to-generator 272ms (cache revalidated)
npm http fetch GET 200 https://registry.npmjs.org/@babel%2fhelper-create-regexp-features-plugin 287ms (cache revalidated)
npm http fetch GET 200 https://registry.npmjs.org/esutils 169ms (cache revalidated)
npm http fetch GET 200 https://registry.npmjs.org/@babel%2fhelper-builder-binary-assignment-operator-visitor 258ms (cache revalidated)
npm http fetch GET 200 https://registry.npmjs.org/@babel%2fhelper-create-regexp-features-plugin 269ms (cache revalidated)
npm http fetch GET 200 https://registry.npmjs.org/regexpu-core 101ms (cache revalidated)
npm http fetch GET 200 https://registry.npmjs.org/regenerate 126ms (cache revalidated)
npm http fetch GET 200 https://registry.npmjs.org/regenerate-unicode-properties 125ms (cache revalidated)
npm http fetch GET 200 https://registry.npmjs.org/@babel%2fregjsgen 144ms (cache revalidated)
npm http fetch GET 200 https://registry.npmjs.org/unicode-match-property-ecmascript 141ms (cache revalidated)
npm http fetch GET 200 https://registry.npmjs.org/unicode-match-property-value-ecmascript 142ms (cache revalidated)
npm http fetch GET 200 https://registry.npmjs.org/regjsparser 150ms (cache revalidated)
npm http fetch GET 200 https://registry.npmjs.org/@babel%2fhelper-wrap-function 113ms (cache revalidated)
npm http fetch GET 200 https://registry.npmjs.org/@babel%2fplugin-syntax-jsx 150ms (cache revalidated)
npm http fetch GET 200 https://registry.npmjs.org/lodash.debounce 113ms (cache revalidated)
npm http fetch GET 200 https://registry.npmjs.org/path-parse 105ms (cache revalidated)
npm http fetch GET 200 https://registry.npmjs.org/is-core-module 121ms (cache revalidated)
npm http fetch GET 200 https://registry.npmjs.org/supports-preserve-symlinks-flag 122ms (cache revalidated)
npm http fetch GET 200 https://registry.npmjs.org/buffer-from 275ms (cache revalidated)
npm http fetch GET 200 https://registry.npmjs.org/diffie-hellman 236ms (cache revalidated)
npm http fetch GET 200 https://registry.npmjs.org/browserify-sign 249ms (cache revalidated)
npm http fetch GET 200 https://registry.npmjs.org/pako 316ms (cache revalidated)
npm http fetch GET 200 https://registry.npmjs.org/combine-source-map 335ms (cache revalidated)
npm http fetch GET 200 https://registry.npmjs.org/randomfill 283ms (cache revalidated)
npm http fetch GET 200 https://registry.npmjs.org/create-hmac 301ms (cache revalidated)
npm http fetch GET 200 https://registry.npmjs.org/typedarray 335ms (cache revalidated)
npm http fetch GET 200 https://registry.npmjs.org/browserify-cipher 316ms (cache revalidated)
npm http fetch GET 200 https://registry.npmjs.org/randombytes 292ms (cache revalidated)
npm http fetch GET 200 https://registry.npmjs.org/create-ecdh 312ms (cache revalidated)
npm http fetch GET 200 https://registry.npmjs.org/combine-source-map 245ms (cache revalidated)
npm http fetch GET 200 https://registry.npmjs.org/is-buffer 245ms (cache revalidated)
npm http fetch GET 200 https://registry.npmjs.org/create-hash 329ms (cache revalidated)
npm http fetch GET 200 https://registry.npmjs.org/function-bind 286ms (cache revalidated)
npm http fetch GET 200 https://registry.npmjs.org/pbkdf2 327ms (cache revalidated)
npm http fetch GET 200 https://registry.npmjs.org/jsonparse 265ms (cache revalidated)
npm http fetch GET 200 https://registry.npmjs.org/acorn-node 240ms (cache revalidated)
npm http fetch GET 200 https://registry.npmjs.org/acorn-node 289ms (cache revalidated)
npm http fetch GET 200 https://registry.npmjs.org/sha.js 271ms (cache revalidated)
npm http fetch GET 200 https://registry.npmjs.org/detective 291ms (cache revalidated)
npm http fetch GET 200 https://registry.npmjs.org/json-stable-stringify 281ms (cache revalidated)
npm http fetch GET 200 https://registry.npmjs.org/stream-combiner2 516ms (cache revalidated)
npm http fetch GET 200 https://registry.npmjs.org/undeclared-identifiers 534ms (cache revalidated)
npm http fetch GET 200 https://registry.npmjs.org/path-platform 531ms (cache revalidated)
npm http fetch GET 200 https://registry.npmjs.org/public-encrypt 1327ms (cache revalidated)
npm http fetch GET 200 https://registry.npmjs.org/umd 1404ms (cache revalidated)
npm http fetch GET 200 https://registry.npmjs.org/shasum-object 1322ms (cache revalidated)
npm http fetch GET 200 https://registry.npmjs.org/stream-splicer 1323ms (cache revalidated)
npm http fetch GET 200 https://registry.npmjs.org/builtin-status-codes 1334ms (cache revalidated)
npm http fetch GET 200 https://registry.npmjs.org/has-symbols 121ms (cache revalidated)
npm http fetch GET 200 https://registry.npmjs.org/define-properties 130ms (cache revalidated)
npm http fetch GET 200 https://registry.npmjs.org/source-map 111ms (cache revalidated)
npm http fetch GET 200 https://registry.npmjs.org/lodash.memoize 124ms (cache revalidated)
npm http fetch GET 200 https://registry.npmjs.org/inline-source-map 405ms (cache revalidated)
npm http fetch GET 200 https://registry.npmjs.org/escalade 159ms (cache revalidated)
npm http fetch GET 200 https://registry.npmjs.org/picocolors 157ms (cache revalidated)
npm http fetch GET 200 https://registry.npmjs.org/binary-extensions 147ms (cache revalidated)
npm http fetch GET 200 https://registry.npmjs.org/fill-range 172ms (cache revalidated)
npm http fetch GET 200 https://registry.npmjs.org/is-extglob 153ms (cache revalidated)
npm http fetch GET 200 https://registry.npmjs.org/to-regex-range 97ms (cache revalidated)
npm http fetch GET 200 https://registry.npmjs.org/bn.js 245ms (cache revalidated)
npm http fetch GET 200 https://registry.npmjs.org/elliptic 239ms (cache revalidated)
npm http fetch GET 200 https://registry.npmjs.org/browserify-rsa 259ms (cache revalidated)
npm http fetch GET 200 https://registry.npmjs.org/browserify-des 293ms (cache revalidated)
npm http fetch GET 200 https://registry.npmjs.org/browserify-aes 302ms (cache revalidated)
npm http fetch GET 200 https://registry.npmjs.org/bn.js 270ms (cache revalidated)
npm http fetch GET 200 https://registry.npmjs.org/evp_bytestokey 307ms (cache revalidated)
npm http fetch GET 200 https://registry.npmjs.org/parse-asn1 290ms (cache revalidated)
npm http fetch GET 200 https://registry.npmjs.org/parse-asn1 249ms (cache revalidated)
npm http fetch GET 200 https://registry.npmjs.org/md5.js 285ms (cache revalidated)
npm http fetch GET 200 https://registry.npmjs.org/browserify-rsa 255ms (cache revalidated)
npm http fetch GET 200 https://registry.npmjs.org/cipher-base 279ms (cache revalidated)
npm http fetch GET 200 https://registry.npmjs.org/miller-rabin 269ms (cache revalidated)
npm http fetch GET 200 https://registry.npmjs.org/cipher-base 499ms (cache revalidated)
npm http fetch GET 200 https://registry.npmjs.org/ripemd160 1306ms (cache revalidated)
npm http fetch GET 200 https://registry.npmjs.org/ripemd160 1311ms (cache revalidated)
npm http fetch GET 200 https://registry.npmjs.org/des.js 109ms (cache revalidated)
npm http fetch GET 200 https://registry.npmjs.org/buffer-xor 1184ms (cache revalidated)
npm http fetch GET 200 https://registry.npmjs.org/minimalistic-assert 124ms (cache revalidated)
npm http fetch GET 200 https://registry.npmjs.org/hmac-drbg 133ms (cache revalidated)
npm http fetch GET 200 https://registry.npmjs.org/hash.js 138ms (cache revalidated)
npm http fetch GET 200 https://registry.npmjs.org/minimalistic-crypto-utils 142ms (cache revalidated)
npm http fetch GET 200 https://registry.npmjs.org/asn1.js 149ms (cache revalidated)
npm http fetch GET 200 https://registry.npmjs.org/brorand 1193ms (cache revalidated)
npm http fetch GET 200 https://registry.npmjs.org/hash-base 1161ms (cache revalidated)
npm http fetch GET 200 https://registry.npmjs.org/repeat-string 239ms (cache revalidated)
npm http fetch GET 200 https://registry.npmjs.org/d 214ms (cache revalidated)
npm http fetch GET 200 https://registry.npmjs.org/upper-case 165ms (cache revalidated)
npm http fetch GET 200 https://registry.npmjs.org/thenify-all 232ms (cache revalidated)
npm http fetch GET 200 https://registry.npmjs.org/stack-generator 225ms (cache revalidated)
npm http fetch GET 200 https://registry.npmjs.org/any-promise 241ms (cache revalidated)
npm http fetch GET 200 https://registry.npmjs.org/stacktrace-gps 228ms (cache revalidated)
npm http fetch GET 200 https://registry.npmjs.org/extsprintf 220ms (cache revalidated)
npm http fetch GET 200 https://registry.npmjs.org/object-assign 246ms (cache revalidated)
npm http fetch GET 200 https://registry.npmjs.org/error-stack-parser 238ms (cache revalidated)
npm http fetch GET 200 https://registry.npmjs.org/core-js 326ms (cache revalidated)
npm http fetch GET 200 https://registry.npmjs.org/no-case 255ms (cache revalidated)
npm http fetch GET 200 https://registry.npmjs.org/es5-ext 303ms (cache revalidated)
npm http fetch GET 200 https://registry.npmjs.org/pad-right 1303ms (cache revalidated)
npm http fetch GET 200 https://registry.npmjs.org/seed-random 1248ms (cache revalidated)
npm http fetch GET 200 https://registry.npmjs.org/lodash.isstring 149ms (cache revalidated)
npm http fetch GET 200 https://registry.npmjs.org/lodash.isfunction 222ms (cache revalidated)
npm http fetch GET 200 https://registry.npmjs.org/prop-types 190ms (cache revalidated)
npm http fetch GET 200 https://registry.npmjs.org/escape-html 201ms (cache revalidated)
npm http fetch GET 200 https://registry.npmjs.org/dateformat 204ms (cache revalidated)
npm http fetch GET 200 https://registry.npmjs.org/tcomb-validation 189ms (cache revalidated)
npm http fetch GET 200 https://registry.npmjs.org/validator 191ms (cache revalidated)
npm http fetch GET 200 https://registry.npmjs.org/opener 211ms (cache revalidated)
npm http fetch GET 200 https://registry.npmjs.org/lodash.isobject 449ms (cache revalidated)
npm http fetch GET 200 https://registry.npmjs.org/tcomb 414ms (cache revalidated)
npm http fetch GET 200 https://registry.npmjs.org/lodash.isempty 1229ms (cache revalidated)
npm http fetch GET 200 https://registry.npmjs.org/fsu 1198ms (cache revalidated)
npm http fetch GET 200 https://registry.npmjs.org/seek-bzip 173ms (cache revalidated)
npm http fetch GET 200 https://registry.npmjs.org/unbzip2-stream 172ms (cache revalidated)
npm http fetch GET 200 https://registry.npmjs.org/is-natural-number 145ms (cache revalidated)
npm http fetch GET 200 https://registry.npmjs.org/file-type 192ms (cache revalidated)
npm http fetch GET 200 https://registry.npmjs.org/file-type 175ms (cache revalidated)
npm http fetch GET 200 https://registry.npmjs.org/file-type 219ms (cache revalidated)
npm http fetch GET 200 https://registry.npmjs.org/buffer-alloc 142ms (cache revalidated)
npm http fetch GET 200 https://registry.npmjs.org/to-buffer 150ms (cache revalidated)
npm http fetch GET 200 https://registry.npmjs.org/pinkie-promise 93ms (cache revalidated)
npm http fetch GET 200 https://registry.npmjs.org/is-set 201ms (cache revalidated)
npm http fetch GET 200 https://registry.npmjs.org/is-set 270ms (cache revalidated)
npm http fetch GET 200 https://registry.npmjs.org/is-string 270ms (cache revalidated)
npm http fetch GET 200 https://registry.npmjs.org/set-function-name 231ms (cache revalidated)
npm http fetch GET 200 https://registry.npmjs.org/is-string 217ms (cache revalidated)
npm http fetch GET 200 https://registry.npmjs.org/is-bigint 228ms (cache revalidated)
npm http fetch GET 200 https://registry.npmjs.org/is-number-object 222ms (cache revalidated)
npm http fetch GET 200 https://registry.npmjs.org/has-tostringtag 263ms (cache revalidated)
npm http fetch GET 200 https://registry.npmjs.org/is-typed-array 261ms (cache revalidated)
npm http fetch GET 200 https://registry.npmjs.org/has-proto 276ms (cache revalidated)
npm http fetch GET 200 https://registry.npmjs.org/is-map 225ms (cache revalidated)
npm http fetch GET 200 https://registry.npmjs.org/stop-iteration-iterator 287ms (cache revalidated)
npm http fetch GET 200 https://registry.npmjs.org/is-map 298ms (cache revalidated)
npm http fetch GET 200 https://registry.npmjs.org/object-inspect 247ms (cache revalidated)
npm http fetch GET 200 https://registry.npmjs.org/is-boolean-object 247ms (cache revalidated)
npm http fetch GET 200 https://registry.npmjs.org/for-each 257ms (cache revalidated)
npm http fetch GET 200 https://registry.npmjs.org/is-weakmap 267ms (cache revalidated)
npm http fetch GET 200 https://registry.npmjs.org/is-symbol 275ms (cache revalidated)
npm http fetch GET 200 https://registry.npmjs.org/gopd 261ms (cache revalidated)
npm http fetch GET 200 https://registry.npmjs.org/available-typed-arrays 269ms (cache revalidated)
npm http fetch GET 200 https://registry.npmjs.org/is-weakset 1286ms (cache revalidated)
npm http fetch GET 200 https://registry.npmjs.org/fast-safe-stringify 1174ms (cache revalidated)
npm http fetch GET 200 https://registry.npmjs.org/es6-symbol 95ms (cache revalidated)
npm http fetch GET 200 https://registry.npmjs.org/type 127ms (cache revalidated)
npm http fetch GET 200 https://registry.npmjs.org/next-tick 125ms (cache revalidated)
npm http fetch GET 200 https://registry.npmjs.org/es6-iterator 132ms (cache revalidated)
npm http fetch GET 200 https://registry.npmjs.org/internal-slot 102ms (cache revalidated)
npm http fetch GET 200 https://registry.npmjs.org/ext 96ms (cache revalidated)
npm http fetch GET 200 https://registry.npmjs.org/pump 98ms (cache revalidated)
npm http fetch GET 200 https://registry.npmjs.org/mimic-fn 95ms (cache revalidated)
npm http fetch GET 200 https://registry.npmjs.org/fastq 117ms (cache revalidated)
npm http fetch GET 200 https://registry.npmjs.org/@nodelib%2ffs.scandir 136ms (cache revalidated)
npm http fetch GET 200 https://registry.npmjs.org/reusify 107ms (cache revalidated)
npm http fetch GET 200 https://registry.npmjs.org/run-parallel 115ms (cache revalidated)
npm http fetch GET 200 https://registry.npmjs.org/queue-microtask 132ms (cache revalidated)
npm http fetch GET 200 https://registry.npmjs.org/is-number 107ms (cache revalidated)
npm http fetch GET 200 https://registry.npmjs.org/pinkie 129ms (cache revalidated)
npm http fetch GET 200 https://registry.npmjs.org/wrappy 121ms (cache revalidated)
npm http fetch GET 200 https://registry.npmjs.org/brace-expansion 117ms (cache revalidated)
npm http fetch GET 200 https://registry.npmjs.org/json-schema 190ms (cache revalidated)
npm http fetch GET 200 https://registry.npmjs.org/dashdash 176ms (cache revalidated)
npm http fetch GET 200 https://registry.npmjs.org/ecc-jsbn 162ms (cache revalidated)
npm http fetch GET 200 https://registry.npmjs.org/asn1 186ms (cache revalidated)
npm http fetch GET 200 https://registry.npmjs.org/getpass 180ms (cache revalidated)
npm http fetch GET 200 https://registry.npmjs.org/tweetnacl 172ms (cache revalidated)
npm http fetch GET 200 https://registry.npmjs.org/jsbn 178ms (cache revalidated)
npm http fetch GET 200 https://registry.npmjs.org/bcrypt-pbkdf 169ms (cache revalidated)
npm http fetch GET 200 https://registry.npmjs.org/safer-buffer 185ms (cache revalidated)
npm http fetch GET 200 https://registry.npmjs.org/callsites 102ms (cache revalidated)
npm http fetch GET 200 https://registry.npmjs.org/dash-ast 201ms (cache revalidated)
npm http fetch GET 200 https://registry.npmjs.org/get-assigned-identifiers 201ms (cache revalidated)
npm http fetch GET 200 https://registry.npmjs.org/acorn-walk 216ms (cache revalidated)
npm http fetch GET 200 https://registry.npmjs.org/simple-concat 202ms (cache revalidated)
npm http fetch GET 200 https://registry.npmjs.org/ansi-escapes 181ms (cache revalidated)
npm http fetch GET 200 https://registry.npmjs.org/tslib 166ms (cache revalidated)
npm http fetch GET 200 https://registry.npmjs.org/aggregate-error 180ms (cache revalidated)
npm http fetch GET 200 https://registry.npmjs.org/astral-regex 140ms (cache revalidated)
npm http fetch GET 200 https://registry.npmjs.org/type-fest 125ms (cache revalidated)
npm http fetch GET 200 https://registry.npmjs.org/concat-map 118ms (cache revalidated)
npm http fetch GET 200 https://registry.npmjs.org/balanced-match 123ms (cache revalidated)
npm http fetch GET 200 https://registry.npmjs.org/camelcase 143ms (cache revalidated)
npm http fetch GET 200 https://registry.npmjs.org/locate-path 204ms (cache revalidated)
npm http fetch GET 200 https://registry.npmjs.org/path-exists 206ms (cache revalidated)
npm http fetch GET 200 https://registry.npmjs.org/flat 152ms (cache revalidated)
npm http fetch GET 200 https://registry.npmjs.org/is-plain-obj 153ms (cache revalidated)
npm http fetch GET 200 https://registry.npmjs.org/p-locate 101ms (cache revalidated)
npm http fetch GET 200 https://registry.npmjs.org/p-limit 94ms (cache revalidated)
npm http fetch GET 200 https://registry.npmjs.org/loose-envify 117ms (cache revalidated)
npm http fetch GET 200 https://registry.npmjs.org/is-wsl 116ms (cache revalidated)
npm http fetch GET 200 https://registry.npmjs.org/define-lazy-prop 135ms (cache revalidated)
npm http fetch GET 200 https://registry.npmjs.org/is-docker 145ms (cache revalidated)
npm http fetch GET 200 https://registry.npmjs.org/traverse-chain 1184ms (cache revalidated)
npm http fetch GET 200 https://registry.npmjs.org/thenify 105ms (cache revalidated)
npm http fetch GET 200 https://registry.npmjs.org/easy-stack 108ms (cache revalidated)
npm http fetch GET 200 https://registry.npmjs.org/has-property-descriptors 117ms (cache revalidated)
npm http fetch GET 200 https://registry.npmjs.org/define-data-property 123ms (cache revalidated)
npm http fetch GET 200 https://registry.npmjs.org/yocto-queue 98ms (cache revalidated)
npm http fetch GET 200 https://registry.npmjs.org/clean-stack 81ms (cache revalidated)
npm http fetch GET 200 https://registry.npmjs.org/is-arrayish 88ms (cache revalidated)
npm http fetch GET 200 https://registry.npmjs.org/from 116ms (cache revalidated)
npm http fetch GET 200 https://registry.npmjs.org/duplexer 120ms (cache revalidated)
npm http fetch GET 200 https://registry.npmjs.org/stream-combiner 113ms (cache revalidated)
npm http fetch GET 200 https://registry.npmjs.org/pause-stream 147ms (cache revalidated)
npm http fetch GET 200 https://registry.npmjs.org/split 1145ms (cache revalidated)
npm http fetch GET 200 https://registry.npmjs.org/map-stream 1156ms (cache revalidated)
npm http fetch GET 200 https://registry.npmjs.org/unicode-canonical-property-names-ecmascript 135ms (cache revalidated)
npm http fetch GET 200 https://registry.npmjs.org/unicode-property-aliases-ecmascript 133ms (cache revalidated)
npm http fetch GET 200 https://registry.npmjs.org/har-schema 148ms (cache revalidated)
npm http fetch GET 200 https://registry.npmjs.org/fast-json-stable-stringify 92ms (cache revalidated)
npm http fetch GET 200 https://registry.npmjs.org/jsonify 107ms (cache revalidated)
npm http fetch GET 200 https://registry.npmjs.org/stackframe 102ms (cache revalidated)
npm http fetch GET 200 https://registry.npmjs.org/lower-case 98ms (cache revalidated)
npm http fetch GET 200 https://registry.npmjs.org/querystringify 105ms (cache revalidated)
npm http fetch GET 200 https://registry.npmjs.org/requires-port 109ms (cache revalidated)
npm http fetch GET 200 https://registry.npmjs.org/cli-boxes 216ms (cache revalidated)
npm http fetch GET 200 https://registry.npmjs.org/widest-line 211ms (cache revalidated)
npm http fetch GET 200 https://registry.npmjs.org/package-json 176ms (cache revalidated)
npm http fetch GET 200 https://registry.npmjs.org/unique-string 215ms (cache revalidated)
npm http fetch GET 200 https://registry.npmjs.org/dot-prop 222ms (cache revalidated)
npm http fetch GET 200 https://registry.npmjs.org/write-file-atomic 217ms (cache revalidated)
npm http fetch GET 200 https://registry.npmjs.org/escape-goat 184ms (cache revalidated)
npm http fetch GET 200 https://registry.npmjs.org/ansi-align 268ms (cache revalidated)
npm http fetch GET 200 https://registry.npmjs.org/typedarray-to-buffer 120ms (cache revalidated)
npm http fetch GET 200 https://registry.npmjs.org/is-obj 147ms (cache revalidated)
npm http fetch GET 200 https://registry.npmjs.org/crypto-random-string 137ms (cache revalidated)
npm http fetch GET 200 https://registry.npmjs.org/imurmurhash 132ms (cache revalidated)
npm http fetch GET 200 https://registry.npmjs.org/registry-auth-token 113ms (cache revalidated)
npm http fetch GET 200 https://registry.npmjs.org/got 121ms (cache revalidated)
npm http fetch GET 200 https://registry.npmjs.org/registry-url 134ms (cache revalidated)
npm http fetch GET 200 https://registry.npmjs.org/duplexer3 209ms (cache revalidated)
npm http fetch GET 200 https://registry.npmjs.org/cacheable-request 219ms (cache revalidated)
npm http fetch GET 200 https://registry.npmjs.org/decompress-response 258ms (cache revalidated)
npm http fetch GET 200 https://registry.npmjs.org/@szmarczak%2fhttp-timer 268ms (cache revalidated)
npm http fetch GET 200 https://registry.npmjs.org/mimic-response 256ms (cache revalidated)
npm http fetch GET 200 https://registry.npmjs.org/lowercase-keys 264ms (cache revalidated)
npm http fetch GET 200 https://registry.npmjs.org/@sindresorhus%2fis 282ms (cache revalidated)
npm http fetch GET 200 https://registry.npmjs.org/p-cancelable 265ms (cache revalidated)
npm http fetch GET 200 https://registry.npmjs.org/rc 260ms (cache revalidated)
npm http fetch GET 200 https://registry.npmjs.org/to-readable-stream 287ms (cache revalidated)
npm http fetch GET 200 https://registry.npmjs.org/url-parse-lax 287ms (cache revalidated)
npm http fetch GET 200 https://registry.npmjs.org/rc 281ms (cache revalidated)
npm http fetch GET 200 https://registry.npmjs.org/defer-to-connect 198ms (cache revalidated)
npm http fetch GET 200 https://registry.npmjs.org/clone-response 192ms (cache revalidated)
npm http fetch GET 200 https://registry.npmjs.org/keyv 197ms (cache revalidated)
npm http fetch GET 200 https://registry.npmjs.org/responselike 196ms (cache revalidated)
npm http fetch GET 200 https://registry.npmjs.org/normalize-url 207ms (cache revalidated)
npm http fetch GET 200 https://registry.npmjs.org/http-cache-semantics 223ms (cache revalidated)
npm http fetch GET 200 https://registry.npmjs.org/prepend-http 166ms (cache revalidated)
npm http fetch GET 200 https://registry.npmjs.org/json-buffer 118ms (cache revalidated)
npm http fetch GET 200 https://registry.npmjs.org/deep-extend 102ms (cache revalidated)
npm http fetch GET 200 https://registry.npmjs.org/@webassemblyjs%2fhelper-numbers 261ms (cache revalidated)
npm http fetch GET 200 https://registry.npmjs.org/@webassemblyjs%2fhelper-wasm-bytecode 263ms (cache revalidated)
npm http fetch GET 200 https://registry.npmjs.org/@webassemblyjs%2fwasm-gen 256ms (cache revalidated)
npm http fetch GET 200 https://registry.npmjs.org/@webassemblyjs%2fhelper-api-error 253ms (cache revalidated)
npm http fetch GET 200 https://registry.npmjs.org/@webassemblyjs%2fhelper-buffer 266ms (cache revalidated)
npm http fetch GET 200 https://registry.npmjs.org/@webassemblyjs%2fwasm-opt 264ms (cache revalidated)
npm http fetch GET 200 https://registry.npmjs.org/estraverse 238ms (cache revalidated)
npm http fetch GET 200 https://registry.npmjs.org/@types%2feslint 298ms (cache revalidated)
npm http fetch GET 200 https://registry.npmjs.org/@types%2fjson-schema 233ms (cache revalidated)
npm http fetch GET 200 https://registry.npmjs.org/@webassemblyjs%2fleb128 278ms (cache revalidated)
npm http fetch GET 200 https://registry.npmjs.org/ajv-keywords 241ms (cache revalidated)
npm http fetch GET 200 https://registry.npmjs.org/@webassemblyjs%2fieee754 287ms (cache revalidated)
npm http fetch GET 200 https://registry.npmjs.org/@webassemblyjs%2futf8 288ms (cache revalidated)
npm http fetch GET 200 https://registry.npmjs.org/@webassemblyjs%2fwast-printer 306ms (cache revalidated)
npm http fetch GET 200 https://registry.npmjs.org/@webassemblyjs%2fhelper-wasm-section 321ms (cache revalidated)
npm http fetch GET 200 https://registry.npmjs.org/terser 265ms (cache revalidated)
npm http fetch GET 200 https://registry.npmjs.org/esrecurse 304ms (cache revalidated)
npm http fetch GET 200 https://registry.npmjs.org/jest-worker 280ms (cache revalidated)
npm http fetch GET 200 https://registry.npmjs.org/@webassemblyjs%2ffloating-point-hex-parser 129ms (cache revalidated)
npm http fetch GET 200 https://registry.npmjs.org/@xtuc%2flong 135ms (cache revalidated)
npm http fetch GET 200 https://registry.npmjs.org/@xtuc%2fieee754 135ms (cache revalidated)
npm http fetch GET 200 https://registry.npmjs.org/source-map-support 93ms (cache revalidated)
npm http fetch GET 200 https://registry.npmjs.org/@jridgewell%2fsource-map 130ms (cache revalidated)
npm http fetch GET 200 https://registry.npmjs.org/has-bigints 91ms (cache revalidated)
npm http fetch GET 200 https://registry.npmjs.org/is-callable 97ms (cache revalidated)
npm http fetch GET 200 https://registry.npmjs.org/pend 1178ms (cache revalidated)
npm http fetch GET 200 https://registry.npmjs.org/crc32-stream 104ms (cache revalidated)
npm http fetch GET 200 https://registry.npmjs.org/crc-32 1133ms (cache revalidated)
npm http fetch GET 200 https://registry.npmjs.org/json-parse-better-errors 74ms (cache revalidated)
npm http fetch GET 200 https://registry.npmjs.org/esprima 79ms (cache revalidated)
npm http fetch GET 200 https://registry.npmjs.org/sprintf-js 109ms (cache revalidated)
npm http fetch GET 200 https://registry.npmjs.org/buffer-fill 116ms (cache revalidated)
npm http fetch GET 200 https://registry.npmjs.org/buffer-alloc-unsafe 121ms (cache revalidated)
npm http fetch GET 200 https://registry.npmjs.org/p-try 81ms (cache revalidated)
npm http fetch GET 200 https://registry.npmjs.org/is-generator-function 83ms (cache revalidated)
npm verb reify failed optional dependency C:\AdobeCypress\pacific-dental-qa\tmpBstackPackages\node_modules\fsevents
npm http fetch POST 200 https://registry.npmjs.org/-/npm/v1/security/advisories/bulk 2510ms
npm WARN deprecated @babel/plugin-proposal-class-properties@7.18.6: This proposal has been merged to the ECMAScript standard and thus this plugin is no longer maintained. Please use @babel/plugin-transform-class-properties instead.
npm WARN deprecated har-validator@5.1.5: this library is no longer supported
npm WARN deprecated @babel/plugin-proposal-object-rest-spread@7.20.7: This proposal has been merged to the ECMAScript standard and thus this plugin is no longer maintained. Please use @babel/plugin-transform-object-rest-spread instead.
npm WARN deprecated uuid@3.4.0: Please upgrade  to version 7 or higher.  Older versions may use Math.random() in certain circumstances, which is known to be problematic.  See https://v8.dev/blog/math-random for details.
npm WARN deprecated request@2.88.2: request has been deprecated, see https://github.com/request/request/issues/3142
npm WARN deprecated gherkin@5.1.0: This package is now published under @cucumber/gherkin
npm WARN deprecated cucumber-expressions@6.6.2: This package is now published under @cucumber/cucumber-expressions
npm WARN deprecated cucumber-expressions@5.0.18: This package is now published under @cucumber/cucumber-expressions
npm WARN deprecated cucumber@4.2.1: Cucumber is publishing new releases under @cucumber/cucumber
npm WARN deprecated core-js@2.6.12: core-js@<3.23.3 is no longer maintained and not recommended for usage due to the number of issues. Because of the V8 engine whims, feature detection in old core-js versions could cause a slowdown up to 100x even if nothing is polyfilled. Some versions have web compatibility issues. Please, upgrade your dependencies to the actual version of core-js.
npm info run playwright-webkit@1.37.1 install node_modules/playwright-webkit node install.js
npm info run playwright-webkit@1.37.1 install { code: 0, signal: null }
npm info run @percy/core@1.27.1 postinstall node_modules/@percy/core node ./post-install
npm info run core-js@2.6.12 postinstall node_modules/core-js node -e "try{require('./postinstall')}catch(e){}"
npm info run cypress@12.17.4 postinstall node_modules/cypress node index.js --exec install
npm info run es5-ext@0.10.62 postinstall node_modules/es5-ext  node -e "try{require('./_postinstall')}catch(e){}" || exit 0
npm info run cucumber-expressions@5.0.18 postinstall node_modules/cucumber/node_modules/cucumber-expressions node scripts/postinstall.js
npm info run @percy/core@1.27.1 postinstall { code: 0, signal: null }
npm info run core-js@2.6.12 postinstall { code: 0, signal: null }
npm info run es5-ext@0.10.62 postinstall { code: 0, signal: null }
npm info run cucumber-expressions@5.0.18 postinstall { code: 0, signal: null }
npm info run cypress@12.17.4 postinstall { code: 0, signal: null }

added 1072 packages, and audited 1073 packages in 2m

122 packages are looking for funding
  run `npm fund` for details

9 moderate severity vulnerabilities

To address all issues (including breaking changes), run:
  npm audit fix --force

Run `npm audit` for details.
npm verb exit 0
npm info ok 
